# JRE version: OpenJDK Runtime Environment Temurin-21.0.10+7 (21.0.10+7) (build 21.0.10+7-LTS)
# Java VM: OpenJDK 64-Bit Server VM Temurin-21.0.10+7 (21.0.10+7-LTS, mixed mode, sharing, tiered, compressed oops, compressed class ptrs, parallel gc, windows-amd64)
GC Precious Log:
 CardTable entry size: 512
 CPUs: 16 total, 16 available
 Memory: 15775M
 Large Page Support: Disabled
 NUMA Support: Disabled
 Compressed Oops: Enabled (32-bit)
 Alignments: Space 512K, Generation 512K, Heap 2M
 Heap Min Capacity: 100M
 Heap Initial Capacity: 100M
 Heap Max Capacity: 2G
 Pre-touch: Disabled
 Parallel Workers: 13
Heap:
 PSYoungGen      total 14848K, used 759K [0x00000000d5580000, 0x00000000d6c80000, 0x0000000100000000)
  eden space 13824K, 0% used [0x00000000d5580000,0x00000000d559dc70,0x00000000d6300000)
  from space 1024K, 62% used [0x00000000d6b80000,0x00000000d6c20000,0x00000000d6c80000)
  to   space 2048K, 0% used [0x00000000d6880000,0x00000000d6880000,0x00000000d6a80000)
 ParOldGen       total 68608K, used 53339K [0x0000000080000000, 0x0000000084300000, 0x00000000d5580000)
  object space 68608K, 77% used [0x0000000080000000,0x0000000083416f00,0x0000000084300000)
 Metaspace       used 55811K, committed 57152K, reserved 1114112K
  class space    used 6673K, committed 7296K, reserved 1048576K
GC Heap History (20 events):
Event: 10.802 GC heap before
{Heap before GC invocations=18 (full 2):
 PSYoungGen      total 24576K, used 22901K [0x00000000d5580000, 0x00000000d6f80000, 0x0000000100000000)
  eden space 22016K, 99% used [0x00000000d5580000,0x00000000d6afd530,0x00000000d6b00000)
  from space 2560K, 35% used [0x00000000d6b00000,0x00000000d6be0000,0x00000000d6d80000)
  to   space 1536K, 0% used [0x00000000d6e00000,0x00000000d6e00000,0x00000000d6f80000)
 ParOldGen       total 68608K, used 20468K [0x0000000080000000, 0x0000000084300000, 0x00000000d5580000)
  object space 68608K, 29% used [0x0000000080000000,0x00000000813fd368,0x0000000084300000)
 Metaspace       used 40763K, committed 41984K, reserved 1114112K
  class space    used 4457K, committed 4992K, reserved 1048576K
}
Event: 10.804 GC heap after
{Heap after GC invocations=18 (full 2):
 PSYoungGen      total 23552K, used 1152K [0x00000000d5580000, 0x00000000d6f80000, 0x0000000100000000)
  eden space 22016K, 0% used [0x00000000d5580000,0x00000000d5580000,0x00000000d6b00000)
  from space 1536K, 75% used [0x00000000d6e00000,0x00000000d6f20000,0x00000000d6f80000)
  to   space 1536K, 0% used [0x00000000d6c80000,0x00000000d6c80000,0x00000000d6e00000)
 ParOldGen       total 68608K, used 21084K [0x0000000080000000, 0x0000000084300000, 0x00000000d5580000)
  object space 68608K, 30% used [0x0000000080000000,0x0000000081497368,0x0000000084300000)
 Metaspace       used 40763K, committed 41984K, reserved 1114112K
  class space    used 4457K, committed 4992K, reserved 1048576K
}
Event: 11.027 GC heap before
{Heap before GC invocations=19 (full 2):
 PSYoungGen      total 23552K, used 23168K [0x00000000d5580000, 0x00000000d6f80000, 0x0000000100000000)
  eden space 22016K, 100% used [0x00000000d5580000,0x00000000d6b00000,0x00000000d6b00000)
  from space 1536K, 75% used [0x00000000d6e00000,0x00000000d6f20000,0x00000000d6f80000)
  to   space 1536K, 0% used [0x00000000d6c80000,0x00000000d6c80000,0x00000000d6e00000)
 ParOldGen       total 68608K, used 21084K [0x0000000080000000, 0x0000000084300000, 0x00000000d5580000)
  object space 68608K, 30% used [0x0000000080000000,0x0000000081497368,0x0000000084300000)
 Metaspace       used 42293K, committed 43520K, reserved 1114112K
  class space    used 4673K, committed 5184K, reserved 1048576K
}
Event: 11.031 GC heap after
{Heap after GC invocations=19 (full 2):
 PSYoungGen      total 23552K, used 1526K [0x00000000d5580000, 0x00000000d7f00000, 0x0000000100000000)
  eden space 22016K, 0% used [0x00000000d5580000,0x00000000d5580000,0x00000000d6b00000)
  from space 1536K, 99% used [0x00000000d6c80000,0x00000000d6dfd818,0x00000000d6e00000)
  to   space 10240K, 0% used [0x00000000d7500000,0x00000000d7500000,0x00000000d7f00000)
 ParOldGen       total 68608K, used 28032K [0x0000000080000000, 0x0000000084300000, 0x00000000d5580000)
  object space 68608K, 40% used [0x0000000080000000,0x0000000081b60168,0x0000000084300000)
 Metaspace       used 42293K, committed 43520K, reserved 1114112K
  class space    used 4673K, committed 5184K, reserved 1048576K
}
Event: 11.335 GC heap before
{Heap before GC invocations=20 (full 2):
 PSYoungGen      total 23552K, used 23542K [0x00000000d5580000, 0x00000000d7f00000, 0x0000000100000000)
  eden space 22016K, 100% used [0x00000000d5580000,0x00000000d6b00000,0x00000000d6b00000)
  from space 1536K, 99% used [0x00000000d6c80000,0x00000000d6dfd818,0x00000000d6e00000)
  to   space 10240K, 0% used [0x00000000d7500000,0x00000000d7500000,0x00000000d7f00000)
 ParOldGen       total 68608K, used 28032K [0x0000000080000000, 0x0000000084300000, 0x00000000d5580000)
  object space 68608K, 40% used [0x0000000080000000,0x0000000081b60168,0x0000000084300000)
 Metaspace       used 44516K, committed 45632K, reserved 1114112K
  class space    used 5020K, committed 5504K, reserved 1048576K
}
Event: 11.337 GC heap after
{Heap after GC invocations=20 (full 2):
 PSYoungGen      total 23552K, used 1184K [0x00000000d5580000, 0x00000000d7680000, 0x0000000100000000)
  eden space 22016K, 0% used [0x00000000d5580000,0x00000000d5580000,0x00000000d6b00000)
  from space 1536K, 77% used [0x00000000d7500000,0x00000000d7628000,0x00000000d7680000)
  to   space 4096K, 0% used [0x00000000d6e80000,0x00000000d6e80000,0x00000000d7280000)
 ParOldGen       total 68608K, used 29485K [0x0000000080000000, 0x0000000084300000, 0x00000000d5580000)
  object space 68608K, 42% used [0x0000000080000000,0x0000000081ccb4c8,0x0000000084300000)
 Metaspace       used 44516K, committed 45632K, reserved 1114112K
  class space    used 5020K, committed 5504K, reserved 1048576K
}
Event: 11.747 GC heap before
{Heap before GC invocations=21 (full 2):
 PSYoungGen      total 23552K, used 23200K [0x00000000d5580000, 0x00000000d7680000, 0x0000000100000000)
  eden space 22016K, 100% used [0x00000000d5580000,0x00000000d6b00000,0x00000000d6b00000)
  from space 1536K, 77% used [0x00000000d7500000,0x00000000d7628000,0x00000000d7680000)
  to   space 4096K, 0% used [0x00000000d6e80000,0x00000000d6e80000,0x00000000d7280000)
 ParOldGen       total 68608K, used 29485K [0x0000000080000000, 0x0000000084300000, 0x00000000d5580000)
  object space 68608K, 42% used [0x0000000080000000,0x0000000081ccb4c8,0x0000000084300000)
 Metaspace       used 46382K, committed 47552K, reserved 1114112K
  class space    used 5263K, committed 5760K, reserved 1048576K
}
Event: 11.750 GC heap after
{Heap after GC invocations=21 (full 2):
 PSYoungGen      total 26112K, used 1184K [0x00000000d5580000, 0x00000000d7580000, 0x0000000100000000)
  eden space 22016K, 0% used [0x00000000d5580000,0x00000000d5580000,0x00000000d6b00000)
  from space 4096K, 28% used [0x00000000d6e80000,0x00000000d6fa8000,0x00000000d7280000)
  to   space 2048K, 0% used [0x00000000d7380000,0x00000000d7380000,0x00000000d7580000)
 ParOldGen       total 68608K, used 30424K [0x0000000080000000, 0x0000000084300000, 0x00000000d5580000)
  object space 68608K, 44% used [0x0000000080000000,0x0000000081db61d8,0x0000000084300000)
 Metaspace       used 46382K, committed 47552K, reserved 1114112K
  class space    used 5263K, committed 5760K, reserved 1048576K
}
Event: 12.138 GC heap before
{Heap before GC invocations=22 (full 2):
 PSYoungGen      total 26112K, used 23200K [0x00000000d5580000, 0x00000000d7580000, 0x0000000100000000)
  eden space 22016K, 100% used [0x00000000d5580000,0x00000000d6b00000,0x00000000d6b00000)
  from space 4096K, 28% used [0x00000000d6e80000,0x00000000d6fa8000,0x00000000d7280000)
  to   space 2048K, 0% used [0x00000000d7380000,0x00000000d7380000,0x00000000d7580000)
 ParOldGen       total 68608K, used 30424K [0x0000000080000000, 0x0000000084300000, 0x00000000d5580000)
  object space 68608K, 44% used [0x0000000080000000,0x0000000081db61d8,0x0000000084300000)
 Metaspace       used 47639K, committed 48832K, reserved 1114112K
  class space    used 5435K, committed 5952K, reserved 1048576K
}
Event: 12.141 GC heap after
{Heap after GC invocations=22 (full 2):
 PSYoungGen      total 23552K, used 1056K [0x00000000d5580000, 0x00000000d7500000, 0x0000000100000000)
  eden space 22016K, 0% used [0x00000000d5580000,0x00000000d5580000,0x00000000d6b00000)
  from space 1536K, 68% used [0x00000000d7380000,0x00000000d7488000,0x00000000d7500000)
  to   space 1536K, 0% used [0x00000000d7200000,0x00000000d7200000,0x00000000d7380000)
 ParOldGen       total 68608K, used 31433K [0x0000000080000000, 0x0000000084300000, 0x00000000d5580000)
  object space 68608K, 45% used [0x0000000080000000,0x0000000081eb25a8,0x0000000084300000)
 Metaspace       used 47639K, committed 48832K, reserved 1114112K
  class space    used 5435K, committed 5952K, reserved 1048576K
}
Event: 12.370 GC heap before
{Heap before GC invocations=23 (full 2):
 PSYoungGen      total 23552K, used 23072K [0x00000000d5580000, 0x00000000d7500000, 0x0000000100000000)
  eden space 22016K, 100% used [0x00000000d5580000,0x00000000d6b00000,0x00000000d6b00000)
  from space 1536K, 68% used [0x00000000d7380000,0x00000000d7488000,0x00000000d7500000)
  to   space 1536K, 0% used [0x00000000d7200000,0x00000000d7200000,0x00000000d7380000)
 ParOldGen       total 68608K, used 31433K [0x0000000080000000, 0x0000000084300000, 0x00000000d5580000)
  object space 68608K, 45% used [0x0000000080000000,0x0000000081eb25a8,0x0000000084300000)
 Metaspace       used 48444K, committed 49600K, reserved 1114112K
  class space    used 5530K, committed 6016K, reserved 1048576K
}
Event: 12.373 GC heap after
{Heap after GC invocations=23 (full 2):
 PSYoungGen      total 23552K, used 1533K [0x00000000d5580000, 0x00000000d7700000, 0x0000000100000000)
  eden space 22016K, 0% used [0x00000000d5580000,0x00000000d5580000,0x00000000d6b00000)
  from space 1536K, 99% used [0x00000000d7200000,0x00000000d737f6e0,0x00000000d7380000)
  to   space 3584K, 0% used [0x00000000d7380000,0x00000000d7380000,0x00000000d7700000)
 ParOldGen       total 68608K, used 35130K [0x0000000080000000, 0x0000000084300000, 0x00000000d5580000)
  object space 68608K, 51% used [0x0000000080000000,0x000000008224e8e0,0x0000000084300000)
 Metaspace       used 48444K, committed 49600K, reserved 1114112K
  class space    used 5530K, committed 6016K, reserved 1048576K
}
Event: 12.691 GC heap before
{Heap before GC invocations=24 (full 2):
 PSYoungGen      total 23552K, used 23549K [0x00000000d5580000, 0x00000000d7700000, 0x0000000100000000)
  eden space 22016K, 100% used [0x00000000d5580000,0x00000000d6b00000,0x00000000d6b00000)
  from space 1536K, 99% used [0x00000000d7200000,0x00000000d737f6e0,0x00000000d7380000)
  to   space 3584K, 0% used [0x00000000d7380000,0x00000000d7380000,0x00000000d7700000)
 ParOldGen       total 68608K, used 35130K [0x0000000080000000, 0x0000000084300000, 0x00000000d5580000)
  object space 68608K, 51% used [0x0000000080000000,0x000000008224e8e0,0x0000000084300000)
 Metaspace       used 50278K, committed 51456K, reserved 1114112K
  class space    used 5825K, committed 6336K, reserved 1048576K
}
Event: 12.696 GC heap after
{Heap after GC invocations=24 (full 2):
 PSYoungGen      total 25600K, used 3559K [0x00000000d5580000, 0x00000000d7700000, 0x0000000100000000)
  eden space 22016K, 0% used [0x00000000d5580000,0x00000000d5580000,0x00000000d6b00000)
  from space 3584K, 99% used [0x00000000d7380000,0x00000000d76f9d00,0x00000000d7700000)
  to   space 5632K, 0% used [0x00000000d6c00000,0x00000000d6c00000,0x00000000d7180000)
 ParOldGen       total 68608K, used 36714K [0x0000000080000000, 0x0000000084300000, 0x00000000d5580000)
  object space 68608K, 53% used [0x0000000080000000,0x00000000823da9e0,0x0000000084300000)
 Metaspace       used 50278K, committed 51456K, reserved 1114112K
  class space    used 5825K, committed 6336K, reserved 1048576K
}
Event: 13.031 GC heap before
{Heap before GC invocations=25 (full 2):
 PSYoungGen      total 25600K, used 25575K [0x00000000d5580000, 0x00000000d7700000, 0x0000000100000000)
  eden space 22016K, 100% used [0x00000000d5580000,0x00000000d6b00000,0x00000000d6b00000)
  from space 3584K, 99% used [0x00000000d7380000,0x00000000d76f9d00,0x00000000d7700000)
  to   space 5632K, 0% used [0x00000000d6c00000,0x00000000d6c00000,0x00000000d7180000)
 ParOldGen       total 68608K, used 36714K [0x0000000080000000, 0x0000000084300000, 0x00000000d5580000)
  object space 68608K, 53% used [0x0000000080000000,0x00000000823da9e0,0x0000000084300000)
 Metaspace       used 52719K, committed 54016K, reserved 1114112K
  class space    used 6176K, committed 6784K, reserved 1048576K
}
Event: 13.037 GC heap after
{Heap after GC invocations=25 (full 2):
 PSYoungGen      total 24064K, used 2032K [0x00000000d5580000, 0x00000000d7400000, 0x0000000100000000)
  eden space 22016K, 0% used [0x00000000d5580000,0x00000000d5580000,0x00000000d6b00000)
  from space 2048K, 99% used [0x00000000d6c00000,0x00000000d6dfc020,0x00000000d6e00000)
  to   space 3584K, 0% used [0x00000000d7080000,0x00000000d7080000,0x00000000d7400000)
 ParOldGen       total 68608K, used 40251K [0x0000000080000000, 0x0000000084300000, 0x00000000d5580000)
  object space 68608K, 58% used [0x0000000080000000,0x000000008274ee00,0x0000000084300000)
 Metaspace       used 52719K, committed 54016K, reserved 1114112K
  class space    used 6176K, committed 6784K, reserved 1048576K
}
Event: 13.297 GC heap before
{Heap before GC invocations=26 (full 2):
 PSYoungGen      total 24064K, used 24048K [0x00000000d5580000, 0x00000000d7400000, 0x0000000100000000)
  eden space 22016K, 100% used [0x00000000d5580000,0x00000000d6b00000,0x00000000d6b00000)
  from space 2048K, 99% used [0x00000000d6c00000,0x00000000d6dfc020,0x00000000d6e00000)
  to   space 3584K, 0% used [0x00000000d7080000,0x00000000d7080000,0x00000000d7400000)
 ParOldGen       total 68608K, used 40251K [0x0000000080000000, 0x0000000084300000, 0x00000000d5580000)
  object space 68608K, 58% used [0x0000000080000000,0x000000008274ee00,0x0000000084300000)
 Metaspace       used 53663K, committed 54976K, reserved 1114112K
  class space    used 6344K, committed 6912K, reserved 1048576K
}
Event: 13.302 GC heap after
{Heap after GC invocations=26 (full 2):
 PSYoungGen      total 17408K, used 3580K [0x00000000d5580000, 0x00000000d8600000, 0x0000000100000000)
  eden space 13824K, 0% used [0x00000000d5580000,0x00000000d5580000,0x00000000d6300000)
  from space 3584K, 99% used [0x00000000d7080000,0x00000000d73ff3e8,0x00000000d7400000)
  to   space 13824K, 0% used [0x00000000d6300000,0x00000000d6300000,0x00000000d7080000)
 ParOldGen       total 68608K, used 48447K [0x0000000080000000, 0x0000000084300000, 0x00000000d5580000)
  object space 68608K, 70% used [0x0000000080000000,0x0000000082f4ff40,0x0000000084300000)
 Metaspace       used 53663K, committed 54976K, reserved 1114112K
  class space    used 6344K, committed 6912K, reserved 1048576K
}
Event: 13.463 GC heap before
{Heap before GC invocations=27 (full 2):
 PSYoungGen      total 17408K, used 17390K [0x00000000d5580000, 0x00000000d8600000, 0x0000000100000000)
  eden space 13824K, 99% used [0x00000000d5580000,0x00000000d62fc6f0,0x00000000d6300000)
  from space 3584K, 99% used [0x00000000d7080000,0x00000000d73ff3e8,0x00000000d7400000)
  to   space 13824K, 0% used [0x00000000d6300000,0x00000000d6300000,0x00000000d7080000)
 ParOldGen       total 68608K, used 48447K [0x0000000080000000, 0x0000000084300000, 0x00000000d5580000)
  object space 68608K, 70% used [0x0000000080000000,0x0000000082f4ff40,0x0000000084300000)
 Metaspace       used 54775K, committed 56128K, reserved 1114112K
  class space    used 6492K, committed 7104K, reserved 1048576K
}
Event: 13.467 GC heap after
{Heap after GC invocations=27 (full 2):
 PSYoungGen      total 15872K, used 1819K [0x00000000d5580000, 0x00000000d7100000, 0x0000000100000000)
  eden space 13824K, 0% used [0x00000000d5580000,0x00000000d5580000,0x00000000d6300000)
  from space 2048K, 88% used [0x00000000d6300000,0x00000000d64c6df0,0x00000000d6500000)
  to   space 5632K, 0% used [0x00000000d6b80000,0x00000000d6b80000,0x00000000d7100000)
 ParOldGen       total 68608K, used 51818K [0x0000000080000000, 0x0000000084300000, 0x00000000d5580000)
  object space 68608K, 75% used [0x0000000080000000,0x000000008329a948,0x0000000084300000)
 Metaspace       used 54775K, committed 56128K, reserved 1114112K
  class space    used 6492K, committed 7104K, reserved 1048576K
}

